O O O O B-bus-num O
O O O O O O O O O B-bus-num O O
O O O O O B-bus-num O O
O O O O O O O O O O O O O B-bus-num
O O B-bus-num O O
O O O O O O O B-bus-stop I-bus-stop I-bus-stop
B-bus-num O O O
O O O O B-bus-num O O
B-bus-num O O O O O O
O O O O O O O
O O O O O O O
O O O O O O O O O
O O O O O
O O O O B-bus-num O
O O O O O B-bus-num
O O O O O O O O O B-bus-num O O O O
O O O O B-bus-num O O O
O O O O O O O
O O O B-bus-num
O O O O B-bus-num O O
O O O B-bus-num
O O O O O O B-bus-num O O
O O O O O
O O O O B-bus-num O O
O O O O O O B-bus-num
O O O O B-bus-num O O O
O O O O O O O O O B-bus-num O O
O O O O B-bus-num O O O
O O O B-bus-num O
O O O O O B-bus-num O O
O O O O O
O O O O O O O O O B-bus-num O O O O O
O O O O O O B-bus-num
O O O O B-bus-num O B-bus-stop I-bus-stop I-bus-stop I-bus-stop I-bus-stop
O O B-bus-num O O O
O O O B-bus-num O O
O O O B-bus-num O O
O O O O O O O O O B-bus-num
O O O O O O O O O B-bus-num O O O O O
O O O O O O O O
O O B-bus-num O O
B-bus-num O O
O O O O O B-bus-num O B-bus-stop I-bus-stop I-bus-stop
O O O O O
O O O O O O O O O
O O O O O B-bus-num O O O
O O O O O O O B-bus-num O O
O O O O O O O O B-bus-stop I-bus-stop
O O O O O O O O B-bus-num O O B-bus-stop I-bus-stop I-bus-stop I-bus-stop
O O O O O B-bus-num O O
O O O B-bus-num O O
O O O O O O O O O
O O O B-bus-num O
O O O O B-bus-num O O
O O O O O O O O O B-bus-num O O O O O O
O O O B-bus-num O O
O O O O O O B-bus-num O O
O O O O O O
O O O O
O O O O O O O
O O O B-bus-num O O O
O O O O O O O O O B-bus-num O O O O
B-bus-num O O O
O O O O O O B-bus-num
O O O O O O O O B-bus-num O O
O O O O O O O O O O B-bus-num
O O O B-bus-num O
O O O O O O O B-bus-num
O O O O O O O B-bus-num
O O O O O B-bus-num O O O
O O B-bus-num O O O
O O B-bus-num O
O O O B-bus-num
O O O O O O
O B-bus-num O
O O O O O O O O
O O O B-bus-num O
O O O O O B-bus-num O O
O O O O O O O O O B-bus-num
B-bus-num O
O O O O O B-bus-num O O O O
O O O O B-bus-num
O B-bus-num O O O B-bus-stop O
B-bus-num O O
O O O O O O O O O B-bus-num
O O O O O B-bus-num O O
O O B-bus-num O O
O O O O O O
O O O O B-bus-num O B-bus-stop I-bus-stop I-bus-stop
O O O O O O B-bus-num
O O B-bus-num O O
O O O O O B-bus-num O O B-bus-stop I-bus-stop I-bus-stop I-bus-stop
O O O B-bus-num O O O
O O O O O O B-bus-num O
O O O O O
O O O O O O B-bus-num O O
O O O O O O O B-bus-num O O O
O O O O O O B-bus-num O O O
O O O O O
O O O B-bus-num O O
O O O O O
O O O B-bus-stop I-bus-stop I-bus-stop I-bus-stop I-bus-stop
O O O O O O O B-bus-stop I-bus-stop
O O O O O O O
O O O O O O B-bus-stop I-bus-stop I-bus-stop
O O O O B-bus-stop I-bus-stop
O O O O O O O O O B-bus-stop I-bus-stop
O O O O O O O
O O O B-bus-stop I-bus-stop I-bus-stop
O O O O O
O O O O O B-bus-stop I-bus-stop I-bus-stop I-bus-stop I-bus-stop O
O O O B-bus-stop I-bus-stop I-bus-stop
O O
O O O O B-bus-stop I-bus-stop I-bus-stop I-bus-stop
O O O O O O O O O B-bus-stop I-bus-stop I-bus-stop I-bus-stop
O O O O O O
O O B-bus-stop I-bus-stop
O O O O O O O B-bus-stop I-bus-stop I-bus-stop I-bus-stop I-bus-stop
O O O B-bus-stop I-bus-stop I-bus-stop O
B-bus-num O B-bus-stop I-bus-stop I-bus-stop I-bus-stop
O O O O O B-bus-stop I-bus-stop I-bus-stop
O O O O B-bus-stop I-bus-stop I-bus-stop
O O O O O O B-bus-stop I-bus-stop I-bus-stop
O O O O O O O O B-bus-stop I-bus-stop I-bus-stop I-bus-stop
O O O O O O O O O O O
O O O O O O B-bus-stop I-bus-stop I-bus-stop I-bus-stop
O O O O O B-bus-stop I-bus-stop I-bus-stop
O O O O O O B-bus-stop
O O O O O O O O O
O O O O B-bus-stop I-bus-stop I-bus-stop I-bus-stop
O O O B-bus-stop I-bus-stop
O O O O
O O B-bus-stop I-bus-stop I-bus-stop I-bus-stop I-bus-stop
O O O O O B-bus-stop I-bus-stop I-bus-stop
O O O O O O O B-bus-stop I-bus-stop I-bus-stop
O O O O O
O O O O B-bus-stop I-bus-stop I-bus-stop
O O O O O O O O B-bus-stop I-bus-stop I-bus-stop I-bus-stop
O O B-bus-num O O B-bus-stop I-bus-stop I-bus-stop I-bus-stop
O O O O O O O O B-bus-stop I-bus-stop O B-bus-stop I-bus-stop
O O O O O O O B-bus-stop I-bus-stop I-bus-stop
O O O O O O O
O O O O O O O B-bus-stop I-bus-stop
O O O O O O B-bus-stop I-bus-stop
O O O O B-bus-stop I-bus-stop I-bus-stop O O B-bus-stop I-bus-stop
O O O O O O O O O O O
O O O
O O O B-bus-num O O B-bus-stop I-bus-stop I-bus-stop I-bus-stop
O O B-bus-stop I-bus-stop O
O O O O O O O O O
O O O O O O O O B-bus-stop I-bus-stop I-bus-stop I-bus-stop
O O O O O O O O O O O
O O O O O O O O B-bus-stop I-bus-stop I-bus-stop I-bus-stop I-bus-stop
O O O B-bus-stop I-bus-stop
O O O O B-bus-stop I-bus-stop I-bus-stop I-bus-stop I-bus-stop
O B-bus-stop I-bus-stop I-bus-stop
O O O O O O O O O O O
O O O O O O O O O O B-bus-stop I-bus-stop
O O O O O
O O O O O O B-bus-stop I-bus-stop I-bus-stop I-bus-stop
O O O O O B-bus-stop I-bus-stop I-bus-stop
O O O O O O O O B-bus-stop I-bus-stop I-bus-stop
O O O O O B-bus-stop I-bus-stop I-bus-stop
O O O O O O O O O O
O O O O B-bus-stop I-bus-stop I-bus-stop I-bus-stop I-bus-stop
O O O O O B-bus-stop I-bus-stop
O O O O O B-bus-stop I-bus-stop I-bus-stop
O O O O O O O B-bus-stop I-bus-stop I-bus-stop
O O B-bus-stop I-bus-stop I-bus-stop I-bus-stop I-bus-stop
O O O O O O B-bus-stop I-bus-stop I-bus-stop I-bus-stop
O O O O O B-bus-stop I-bus-stop I-bus-stop
O O O O O O O O
O O O O O O B-bus-stop I-bus-stop I-bus-stop I-bus-stop
O O O
O O O B-bus-stop I-bus-stop I-bus-stop I-bus-stop
O O O O B-bus-stop I-bus-stop I-bus-stop I-bus-stop
O O O O B-bus-stop I-bus-stop I-bus-stop I-bus-stop
O O B-bus-num O O O O O O
O O O O O B-bus-stop I-bus-stop I-bus-stop
O O O O O B-bus-stop I-bus-stop I-bus-stop I-bus-stop
O O O O O O B-bus-stop I-bus-stop I-bus-stop
O O O O O O B-bus-stop I-bus-stop I-bus-stop I-bus-stop
O O B-bus-stop I-bus-stop I-bus-stop I-bus-stop
O O O O B-bus-stop I-bus-stop
O O O O B-bus-stop I-bus-stop I-bus-stop I-bus-stop I-bus-stop
O O B-bus-stop I-bus-stop I-bus-stop I-bus-stop
O O O O B-bus-stop I-bus-stop
O O O O B-bus-stop I-bus-stop I-bus-stop I-bus-stop I-bus-stop
O O O O O B-bus-stop I-bus-stop I-bus-stop I-bus-stop I-bus-stop
O O B-bus-stop I-bus-stop I-bus-stop O B-bus-stop I-bus-stop I-bus-stop
O O O O O O B-bus-stop
O O O O O B-bus-stop I-bus-stop
O O O O
O O O O O O B-bus-stop I-bus-stop I-bus-stop I-bus-stop I-bus-stop
O O O O O O O
O O O O O B-bus-stop I-bus-stop I-bus-stop I-bus-stop I-bus-stop
O O O O O
O O O O O B-bus-stop I-bus-stop I-bus-stop I-bus-stop I-bus-stop
O O O O O B-bus-stop I-bus-stop I-bus-stop
O O O O O O B-bus-stop I-bus-stop I-bus-stop
O O O O O O
O O O O B-bus-stop I-bus-stop I-bus-stop
O O O O O O O O B-bus-stop I-bus-stop I-bus-stop
O O
O O O O O O B-bus-stop I-bus-stop I-bus-stop I-bus-stop
O O
O O O O
O O O O O B-bus-stop I-bus-stop I-bus-stop
O O O O O O O B-bus-num
O O O O O O O O B-bus-num
O O O O O O O O O O B-bus-stop I-bus-stop O O O O O
O O O O O O O O O O O B-bus-stop I-bus-stop I-bus-stop O O O O O
O O O O O O O O B-bus-stop I-bus-stop
O O O O B-bus-stop I-bus-stop I-bus-stop O O B-bus-num
O O O O O O O O B-bus-num
O O O O
O O O O O O O
O O O O O O O B-bus-num
O O O O O O B-bus-stop I-bus-stop O O O O O
O O O O O O O B-bus-num
O O O O O O O O O O O O O B-bus-stop I-bus-stop I-bus-stop
O O O O O O O O O O O O O
O O O O B-bus-stop I-bus-stop I-bus-stop
O O O O B-bus-num
O O O O O O O O
O O O O O O O O O O O O O O B-bus-num
O O O O O B-bus-stop I-bus-stop O O O O O O O O O O O O
O O O O O O O O O B-bus-num O O B-bus-stop I-bus-stop
O O O O O O O O O O B-bus-num O O B-bus-stop I-bus-stop I-bus-stop
O O O O O O O O
O O O O O O B-bus-num
O O O O O O B-bus-num
O O O O O O O B-bus-num
O O O O O O O O O B-bus-num
O O O O O O O O O O B-bus-num
O O O O O O O O O O B-bus-num O O B-bus-stop I-bus-stop I-bus-stop I-bus-stop I-bus-stop
O O O O O O O O O B-bus-num
O O O O O O O O B-bus-num O O B-bus-stop I-bus-stop I-bus-stop I-bus-stop I-bus-stop
O O O O O O O B-bus-num
O O O B-bus-stop I-bus-stop I-bus-stop
O O O O O O O O B-bus-stop I-bus-stop I-bus-stop
O O O O O O O O B-bus-num O O B-bus-stop I-bus-stop
O O O O O O O O O O B-bus-num
O O O O O O O O B-bus-num O O B-bus-stop I-bus-stop
O O O O O O O O O O O O O B-bus-num
O O O O O O B-bus-num
O O O O O O O O O O O B-bus-num
O O O O O O O O O O B-bus-num
O O O O B-bus-stop I-bus-stop O O O O O O
O O O O O O O O O O O O B-bus-num
O O O O O B-bus-stop I-bus-stop I-bus-stop I-bus-stop
O O O O O O O O O O B-bus-num O O B-bus-stop I-bus-stop I-bus-stop I-bus-stop
O O O O O O B-bus-stop I-bus-stop I-bus-stop
O O O O O B-bus-num O O O O O
O O O O O O O O O O O B-bus-stop I-bus-stop
O O O O O O O O
O O O O B-bus-num
O O O O O O O B-bus-stop I-bus-stop I-bus-stop I-bus-stop O O O O O O O O O O O O O B-bus-num
O O O O O O B-bus-num
O O O O O O O O B-bus-num
O O O O O O O B-bus-stop I-bus-stop
O O O O O B-bus-num O O O O
O O O O O O O O
O O O O O O B-bus-stop I-bus-stop I-bus-stop O O O O O
O O O O B-bus-stop I-bus-stop I-bus-stop I-bus-stop I-bus-stop O O O B-bus-stop I-bus-stop I-bus-stop I-bus-stop
O O O O O O O O O O O O O B-bus-num
O O O O B-bus-stop I-bus-stop O O O O O O O
O O O O O O O B-bus-num
O O B-bus-stop I-bus-stop I-bus-stop I-bus-stop
O O O O O O O O B-bus-stop I-bus-stop I-bus-stop I-bus-stop
O O O O O O O O B-bus-num
O O O O B-bus-stop I-bus-stop O O O B-bus-stop I-bus-stop I-bus-stop
O O O O O O O O O O B-bus-stop I-bus-stop
O O O O B-bus-stop I-bus-stop O O O
O O O O O O O O B-bus-stop I-bus-stop I-bus-stop I-bus-stop
O O O O O O O O O O B-bus-stop I-bus-stop I-bus-stop
O O O O O O O O O O O B-bus-stop I-bus-stop
O O O O O O O O O O B-bus-num
O O O O O B-bus-stop I-bus-stop I-bus-stop O O O O O O O O O O O O O
O O O O O O O O O O B-bus-stop I-bus-stop
O O O O O O O O B-bus-stop I-bus-stop
O O O O O O O O B-bus-num
O O B-bus-num
O O O O O O O O O B-bus-num
O O O O O O O O O B-bus-stop I-bus-stop I-bus-stop
O O O O O B-bus-num O O O O O
O O O O O O O B-bus-stop I-bus-stop I-bus-stop I-bus-stop I-bus-stop O O O O O O O O O O O O O
O O O O O O O B-bus-stop I-bus-stop
O O O O O O O B-bus-num
O O O O O O O O B-bus-num
O O O O O O O B-bus-num
O O O O O B-bus-num O O O O
O O O O B-bus-stop I-bus-stop I-bus-stop I-bus-stop I-bus-stop
O O O O O B-bus-num O O O O
O O O O O O O O B-bus-stop I-bus-stop
O O O O O O O O
O O O O O O O O B-bus-stop I-bus-stop
O O O O O O O B-bus-num
O O O O O O O B-bus-num
O O O O O O O B-bus-stop I-bus-stop I-bus-stop
O O O O O O B-bus-num
O O O O O O O O O B-bus-num
O O O O O O O O O O B-bus-stop I-bus-stop O O O O O
O O O O O O B-bus-stop I-bus-stop O O O O O
O O O O O B-bus-stop I-bus-stop
O O O O B-bus-stop I-bus-stop I-bus-stop
O O O O O O O O O O O
O O O O O O O O O
O O O O O O O O B-bus-num
O O O O O
O O O O O O O O O B-bus-stop I-bus-stop
O O O O O O O O
O O O O O O O O B-bus-num
O O O O O O O O O
O O O O O O O O O O O B-bus-num
O O O O B-bus-num
O O O O O B-bus-num O O O O O
O O O O B-bus-stop I-bus-stop O O O B-bus-num
O O O O O O O O
O O O O O O O O O O
O O O O O O
O O O O O O O O B-bus-stop I-bus-stop I-bus-stop I-bus-stop
O O O O O O O O
O O O O O O O O O O O O
O O O O O O O B-bus-num
O O O O O O O O B-bus-num
O O O O O B-bus-stop I-bus-stop I-bus-stop O O O O O O O O O O O O
O O O O O O O O O O O O
O O O B-bus-num I-bus-num
O O O O O O O O B-bus-stop I-bus-stop
O O O O O O O O B-bus-num
O O O O O O O O O O O B-bus-stop I-bus-stop I-bus-stop I-bus-stop O O O O O
O O O O O O O O O B-bus-stop I-bus-stop
O O O O O B-bus-num O O O O
O O O O O O O B-bus-num
O O O O O B-bus-stop I-bus-stop I-bus-stop I-bus-stop I-bus-stop
O O O O O O B-bus-stop I-bus-stop I-bus-stop I-bus-stop
O O O O O B-bus-num
O O O O O O O O B-bus-stop I-bus-stop I-bus-stop
O O O O O O O B-bus-num
O O O O O
O O O O O O O O O O O O O B-bus-num
O O O O O O O O O O O O O O B-bus-num O O O B-bus-stop I-bus-stop I-bus-stop
O O O O O O O O O O O
O O O B-bus-stop I-bus-stop I-bus-stop
O O O O O O O O B-bus-num O O B-bus-stop I-bus-stop I-bus-stop I-bus-stop
O O O O O O O B-bus-num
O O O O O O O O O
O O O O O O B-bus-num O O O O O
O O O O O O O O O O O O
O O O O B-bus-stop I-bus-stop O O O B-bus-num
O O O O O
O O O O O O O
O O O O O B-bus-stop I-bus-stop
O O O O O B-bus-stop I-bus-stop I-bus-stop
O O O O B-bus-stop I-bus-stop
O O O B-bus-stop I-bus-stop
O O O O O O O O O O
O O O O B-bus-stop I-bus-stop O
O O O O O O O O O O O
O O O O O B-bus-stop I-bus-stop
O O O O O
O O O O O B-bus-stop I-bus-stop I-bus-stop
O O O O O O O O O O O O
O O O O O O O O
O O O O B-bus-stop I-bus-stop
O O O O B-bus-stop I-bus-stop
O O O O O O O O O O O B-bus-stop I-bus-stop
O O O O B-bus-stop I-bus-stop I-bus-stop
O O O O O O O
O O B-bus-stop I-bus-stop
O O O O O O O
O O O O O O O O
O O O O B-bus-stop I-bus-stop
O B-bus-stop I-bus-stop I-bus-stop I-bus-stop I-bus-stop
O O O O O O O
O O O O O O O
O O O O B-bus-stop I-bus-stop I-bus-stop
O O O O O O O
O O O O B-bus-stop I-bus-stop
O O O O O O O O O O
O O O O O O O O O O O
O O O O B-bus-stop I-bus-stop
O O O O O O O O
O O O O O O O
O O O O B-bus-stop I-bus-stop I-bus-stop
O O O O B-bus-stop I-bus-stop O
O O O O O O O
O O O O
O O O O O O O O O
O O O O O O O
O O O B-bus-stop I-bus-stop I-bus-stop I-bus-stop
O O O O B-bus-stop I-bus-stop I-bus-stop I-bus-stop
O O O O O O O O O
O O O O O O O O O O O O O O
O O O O O O O O O
O O O O O O O O
O O O B-bus-stop I-bus-stop I-bus-stop
O O O O B-bus-stop I-bus-stop I-bus-stop
O O O O B-bus-stop I-bus-stop I-bus-stop
O O O O O B-bus-stop I-bus-stop I-bus-stop
O O O O O
O O O O B-bus-stop I-bus-stop
O O O O O O O
O O O O O O O O O
O B-bus-stop I-bus-stop
O O O O O O O O O O O O O
O O O O O
O O O O O O O O O O O O
O O O O O O O O B-bus-stop I-bus-stop I-bus-stop
O O O O O O O B-bus-stop I-bus-stop
O O O O B-bus-stop I-bus-stop I-bus-stop
O O O O O B-bus-stop I-bus-stop I-bus-stop
O O O B-bus-stop I-bus-stop I-bus-stop
O O O O O O O O O B-bus-stop I-bus-stop
O O O O O O O O O O B-bus-stop I-bus-stop I-bus-stop I-bus-stop
O B-bus-stop I-bus-stop I-bus-stop
O O O O O O O O O O O
O O O O B-bus-stop I-bus-stop I-bus-stop I-bus-stop
O O O O B-bus-stop I-bus-stop I-bus-stop I-bus-stop
O O O O O O O
O O O O B-bus-stop I-bus-stop I-bus-stop I-bus-stop
O O O O O O
O O O O O B-bus-stop I-bus-stop
O O B-bus-stop I-bus-stop I-bus-stop I-bus-stop I-bus-stop
O O O O B-bus-stop I-bus-stop I-bus-stop
O O B-bus-stop I-bus-stop I-bus-stop
O O O O O O O O O B-bus-stop I-bus-stop I-bus-stop
O O O O B-bus-stop I-bus-stop
O O O O O B-bus-stop I-bus-stop
O O O O B-bus-stop I-bus-stop I-bus-stop
O O O O O O O O O
O O O O O B-destination I-destination
O O O O O O O B-destination I-destination I-destination
O O O O O O O B-destination I-destination I-destination
O O O O B-destination I-destination I-destination
O O O O B-destination I-destination I-destination
O O O O B-destination I-destination I-destination I-destination I-destination I-destination
O O O O O B-bus-num O B-destination I-destination
O O O O O B-destination I-destination I-destination
O O O O O O B-destination I-destination
O O O O O B-destination I-destination I-destination I-destination
O O O O O O O O B-destination I-destination I-destination I-destination
O O O O B-destination I-destination
O O O O O B-bus-num
O O O O B-destination I-destination I-destination
O O O O B-bus-num
O O O O B-destination I-destination
O O O O O O O O B-destination I-destination I-destination I-destination
O O O O B-destination I-destination I-destination
O O O O O O O B-destination I-destination I-destination I-destination I-destination
O O O O O B-destination I-destination I-destination
O O O O B-destination I-destination I-destination
O O O O O O B-destination I-destination I-destination I-destination
O O O O O O B-destination I-destination
O O O O O O O B-destination I-destination I-destination
O O O O O O O B-destination I-destination
O O O O O B-destination I-destination I-destination I-destination I-destination
O O O O O O
O O O O O O O
O O O O O O O O B-destination I-destination
O O O O O O O B-destination I-destination I-destination
O O O O O O B-destination I-destination I-destination
O O O O O O B-destination I-destination I-destination
O O O B-destination I-destination I-destination
O O O O O O B-destination I-destination
O O O O O B-destination I-destination I-destination
O O O O O O O B-destination I-destination I-destination
O O O O O O O O B-destination I-destination I-destination
O O O O O O O O B-destination I-destination I-destination I-destination
O O O O O B-destination I-destination
O O O O O O B-destination I-destination
O O O O B-destination I-destination
O O O O B-bus-num
O O O O O O O O O B-destination I-destination I-destination
O O O O O O B-destination I-destination I-destination I-destination
O O O O O B-destination I-destination I-destination
O O O O O O O
O O O O O O O O O
O O O O O O O O O O O B-destination I-destination
O O O O O B-bus-num
O O O O O O O O B-destination I-destination I-destination I-destination
O O O B-bus-num
O O O B-destination I-destination I-destination
O O O O O O O O O O B-destination I-destination I-destination
O O O B-destination I-destination
O O B-destination I-destination I-destination I-destination
O O O O O O O O B-destination I-destination I-destination
O O O O O B-destination I-destination I-destination
O O O O O O B-destination I-destination
O O O O O O O O O O B-destination I-destination
O O O O O B-destination I-destination I-destination I-destination I-destination O B-start-location I-start-location I-start-location I-start-location I-start-location I-start-location
O O O O B-destination I-destination O B-start-location I-start-location
O O O O O B-destination I-destination I-destination I-destination I-destination I-destination
O O O O O B-destination I-destination
O O O B-destination I-destination I-destination
O O O O O O O O O O B-destination I-destination
O O O O O O O O O B-destination I-destination
O O O O O O B-destination I-destination I-destination
O O O O O O B-destination I-destination
O O O O O O B-destination I-destination I-destination I-destination
O O O O O B-destination I-destination
O O O O O O O O O O B-destination I-destination I-destination I-destination
O O O O O B-bus-num
O O O O O B-destination I-destination
O O O O B-destination I-destination I-destination I-destination
O O O O O O O O O O B-destination I-destination I-destination I-destination
O O O O O O B-destination I-destination
O O O B-destination O B-start-location
O O O O O O B-destination I-destination
O O O O O O O O O B-destination I-destination
O O O O B-start-location I-start-location I-start-location O B-destination I-destination
O O O O O B-destination I-destination
O O O O O O O B-destination I-destination
O O O O O B-destination I-destination
O O O O O O O B-destination I-destination
O O O O O B-destination I-destination I-destination I-destination
O O O O O O O O B-destination I-destination
O O O O O O O O O B-destination I-destination I-destination I-destination
O O O O O O O O O O B-destination I-destination I-destination
O O O O O O O O B-destination I-destination I-destination
O O O O B-destination I-destination I-destination O O O O
O O O O O O O O O O O B-destination I-destination
O O O O B-destination I-destination I-destination I-destination
O O O B-destination I-destination O O
O O O O O O O B-destination I-destination
O O O B-bus-num
O O O O
O O O B-destination I-destination I-destination I-destination
O O O O O B-destination I-destination
O O O O O B-destination I-destination I-destination
O O O O O O O B-destination I-destination I-destination I-destination I-destination I-destination
O O O O O B-bus-num
O O O O O O O B-destination I-destination
O O O O O O O O O B-start-location I-start-location O B-destination I-destination
O O B-bus-num
O O O O O B-destination I-destination I-destination O B-start-location I-start-location
O O O O O O O O O O B-destination I-destination
O O O O O O O O B-destination I-destination
O O O O O O O O B-destination I-destination I-destination
O O O O B-destination I-destination I-destination I-destination I-destination
O O O B-destination I-destination I-destination
O O O O O B-destination I-destination
O O O O B-destination I-destination I-destination O B-start-location I-start-location I-start-location
O O O O
O O O B-destination
O O O O O O B-destination I-destination I-destination
O O B-destination I-destination I-destination I-destination
O O O O O O O B-destination I-destination I-destination
O O O O O O O O O B-destination I-destination I-destination
O O O B-destination I-destination I-destination
O O O O B-destination I-destination
O O O O O O O O B-destination I-destination
O O O O B-destination I-destination I-destination
O O O O O O O B-destination I-destination I-destination
O O O O O O O O O O
O O O
O O O O O O O
O O O O O O O
O O O O O
O O O O O
O O O O O O
O O O O O O
O O O O O O O O O O
O O O O O
O O O O O O O O O
O O O B-bus-num O O O
O O O O O O O O
O O O
O B-bus-stop I-bus-stop O O O
O O O O O O O O O O O
O O O O O O O O O O
O O O O O O B-bus-stop I-bus-stop I-bus-stop
O O O O O O
O O O O
O O O B-bus-num O O O
O O O O O O O O
O O O B-bus-num O O O
O O O O O O
B-bus-num O O
O O O O O O
O O O O O O O O O O
O O O B-bus-num O O
O O O O O B-bus-stop I-bus-stop
O O O O O
O O O O O O O O O O
O O O O O O O O
O O O O O B-bus-stop I-bus-stop I-bus-stop
O O O O O
O B-bus-stop I-bus-stop I-bus-stop O O O
O O O O O B-bus-stop I-bus-stop I-bus-stop
O O O O O O O
O O O O O
O O O B-bus-num O O O
O O O O O O O O O
O O O O O O O O O
O O O O O O B-bus-num
O O O O O
O O O O O O O
O O O O O O O B-bus-num
O O O O O O O O O O
O O O O O O O O O O
O O O O O O O O O
O O O O O O O
O O O O O O O O
O O O O O
B-bus-stop I-bus-stop I-bus-stop O O O O
O O O O O O
O O O O O B-bus-stop I-bus-stop I-bus-stop I-bus-stop
O O O O O O O O O O
O O O O O O
O O O O O O O
O B-bus-stop I-bus-stop O O O O
O O O O O
O O O O O O O O
O O O O O O O O O O
O O O O O O O O O
O O O O O O O
O O O O O O O
O O O O O
O O
O O O O O
O O O O O O O
O O O O O B-destination I-destination I-destination O O O O O
O O O O O O B-start-location I-start-location O B-destination I-destination I-destination
O O O O O B-start-location I-start-location O B-destination I-destination O O O O
O O O O
O O O O O O O O O B-start-location I-start-location O B-destination I-destination
O O O O O O O O O O B-destination I-destination
O O O O O B-destination I-destination
O O O O O O
O O
O O O O O
O O O O O O O O O O B-start-location I-start-location O B-destination I-destination
O O O O O O O
O O O O
O O O O O O O O O B-destination I-destination
O O O O O O O B-start-location I-start-location I-start-location O B-destination I-destination I-destination
O O O O O O O O B-start-location I-start-location I-start-location O B-destination I-destination I-destination
O O O O O O O B-start-location I-start-location I-start-location O B-destination I-destination I-destination
O O O O
O O O O O B-destination I-destination O O O O
O O O O O B-start-location I-start-location I-start-location O B-destination I-destination
O O O O O O O B-destination I-destination I-destination
O O O O O O O O O B-destination I-destination
O O O O O O O O B-destination I-destination I-destination
O O O O O O B-start-location I-start-location O B-destination I-destination I-destination
O O O O O B-start-location I-start-location O B-destination I-destination I-destination
O O O O O O O O O
O O O O O O
O O O O O O O B-destination I-destination
O O O O O O O O B-start-location I-start-location O B-destination I-destination
O O O O O O B-start-location I-start-location I-start-location O B-destination I-destination I-destination
O O O O O O O O B-destination I-destination I-destination
O O O O O
O O O O O
O O O O O O
O O O O O
O O O O B-start-location I-start-location I-start-location O B-destination I-destination I-destination
O O O O O O B-start-location I-start-location I-start-location I-start-location I-start-location O B-destination I-destination I-destination
O O O O O O O B-start-location I-start-location I-start-location O B-destination I-destination I-destination I-destination I-destination
O O O O O B-destination I-destination
O O O O O O O B-start-location I-start-location I-start-location I-start-location I-start-location I-start-location O B-destination I-destination I-destination I-destination
O O O O O O O
O O O O O O
O O O O O O B-destination I-destination I-destination
O O O O O O B-start-location I-start-location O B-destination I-destination
O O O O O B-start-location I-start-location O B-destination I-destination I-destination I-destination I-destination
O O O O O O
O O O O O B-start-location I-start-location O B-destination I-destination
O O O O O O O O O O B-destination I-destination I-destination
O O O O O O O O
O O O
O O O O O O
O O O O O
O O O O O O B-start-location I-start-location O B-destination I-destination I-destination
O O O O O B-start-location I-start-location O B-destination I-destination O O O O
O O O
O O O B-destination I-destination
O O O B-start-location I-start-location I-start-location O B-destination I-destination I-destination
O O O O O O O
O O O O O O O
O O O B-start-location I-start-location O B-destination I-destination I-destination
O O O O O O
O O O B-destination I-destination I-destination
O O O O O O O O O
O O O O O O O B-start-location I-start-location I-start-location O B-destination I-destination I-destination
O O O O O O O O O B-start-location I-start-location I-start-location I-start-location I-start-location O B-destination I-destination I-destination
O O O O O O O O O O O B-destination I-destination I-destination
O O O O O
O O O O O O O
O O O O O B-start-location I-start-location I-start-location O B-destination I-destination
O O O O O O O O B-start-location I-start-location O B-destination I-destination I-destination I-destination
O O O O O O O O O O B-start-location I-start-location O B-destination I-destination
O O O O O O O O O O O O B-destination I-destination I-destination
O O O O O O O O B-destination I-destination I-destination
O O O O O B-destination I-destination
O O O O O O O
O O O O O
O O O O O O
O O O O O O O O B-start-location I-start-location I-start-location I-start-location O B-destination I-destination
O O O O O O O O
O O O O O O O O O O O
O O O O O O O
O O O O O O O O
O O O O O O
O O O
O O O O O O O O O O
O O O O O O O O O
O O O O O
O O O O O O O O
O O O O O O O O O O
O O O
O O O O O O O O O O O
O O O O O O
O O O O O O O O O O
O O O O O O O O
O O O O O O O
O O O O O O O
O O O O O O
O O O O
O O O O
O O O O O O O O O
O O O O O O
O O O O O O O O
O O O O O O O
O O O O O O O O O O O
O O O O O O
O O O O O
O O O O O O
O O O O O O O O
O O O O O O O O O
O O O O O O O
O O O O O O
O O O O O O O O O
O O O O O O
O O O O O O
O O O O O O O
O O O O O O
O O
O O O O O O O O
O O O O O O
O O O O O O O O O O O
O O O O
O O O O O O O O O O O
O O O
O O O O O O O O
O O O O O O O
O O O O O
O O O O O
O O O O O
O O O O O O O O
O O O O O O O
O O O O O
O O O O O O O
O O O O O O O
O O O O O
O O O O
O O O O O O O O O O O O
O O
O O O O O O
O O O O O O O O O
O O O O O O
O O O O O O O O O
O O O O O O
O O O O O O O O
O O O O O O
O O O O O O
O O O O O O
O O O O O O
O O O O O O O O
O O O O O
O O O O O
O O O O
O O O O O
O O O O O
O O O O O O O O O O O O O
O O O O O O O O O
O O O O O O O O
O O O O O O O O
O O O O O
O O O O O O O O
O O O O O
O O O
O O O O O O
O O O O O O O O O
O O O O O O O O O
O O O O O O
O O O O O O O O O O O
O O O O O O
O O O O O
O O O O
O O O O O O O
O O O O O
O O O O
O O O O O O O
O O O O O O O O
O O O O
O O O O O O O O O
O O O O O O O O O O
O O O O O O O O O
O O O O O O O O O O O O
O O O
O O O O O O O O
O O O O O
O O O O O O O O
O O O O
O O O O O O O O
O O O B-bus-num O O
O O O O
O O O O O O O O
O O O O O
O O O O
O O O O O
O O O O O O O O O O
O O O O O O O
O O O B-bus-num O
O O O O
O O O O O O O O
O O O O O O O
O O O O O
O O O O O O
O O O O
O O O O O O O O O
O O O O O
O O O O O
O O O O O O
O O O O O O O O
O O O O O O O O
O O O O O O
O O O O O O
O O O
O O O O O O O
O O O O O O
O O O O O O O O
O O O O O O O O
O O O O O O O O
O O O O
O O O O O O O O O
O O O O O O O O O O
O O O O O O O O O O
O O O O O O O
O O O O O O O O
O O O O O
O O O O O O O O O O
O O O O O
O O O O O B-bus-num O O
O O O O O O
O O O
O O O O O O O O
O O O O O O O
O O O O O O
O O O O O O O
O O O O O O
O O O O O O
O O O O O O
O O O O O
O O O O O
O O O
O O O B-bus-num
O O O O O O O O O O O O
O O O O O
O O O O O O
O O O O O
O O O O
O O O O O O O
O O O O O
O O O O O O O O
O O O O O O O
O O O O O O O
O O O O O O
O O O O O O O
O O O O O O
O O O O O
O O O O O O O O O O
O O O O O O O
O O O O O O O O O
O O O O O O
O O O O O O
O O O O
O O O B-bus-stop I-bus-stop
O O O O O B-bus-stop I-bus-stop I-bus-stop I-bus-stop I-bus-stop
O O O O O O O O
O O B-bus-stop I-bus-stop I-bus-stop I-bus-stop
O O O O B-bus-stop I-bus-stop I-bus-stop
O O O O O O O O O
O O O O B-bus-stop I-bus-stop I-bus-stop I-bus-stop
O O O O O O O B-bus-stop I-bus-stop I-bus-stop O O O
O O O O O O O O O O O B-bus-stop I-bus-stop I-bus-stop I-bus-stop
O O O O B-bus-stop I-bus-stop
O O O O O B-bus-stop I-bus-stop I-bus-stop I-bus-stop
O O O O O O O O O O O O
O O O O B-bus-stop I-bus-stop
O O O O O O O O O B-bus-stop I-bus-stop I-bus-stop I-bus-stop
O O O O O O B-bus-stop I-bus-stop I-bus-stop
O O O O O O O O O O O O
O O O O O O O O O O O O O O
O O O O O O B-bus-stop I-bus-stop I-bus-stop I-bus-stop
O O O O O B-bus-stop I-bus-stop I-bus-stop I-bus-stop I-bus-stop
O B-bus-stop I-bus-stop I-bus-stop I-bus-stop O O O
O O B-bus-stop I-bus-stop I-bus-stop
O O O B-bus-stop I-bus-stop I-bus-stop
O O O O B-bus-stop I-bus-stop I-bus-stop I-bus-stop I-bus-stop
O O O O O B-bus-stop I-bus-stop I-bus-stop
O O O O B-bus-stop I-bus-stop I-bus-stop I-bus-stop O O O
O O O O B-bus-stop I-bus-stop I-bus-stop
O O O O O B-bus-stop I-bus-stop I-bus-stop I-bus-stop I-bus-stop
O O O O B-bus-stop I-bus-stop I-bus-stop I-bus-stop
O O O O B-bus-stop I-bus-stop I-bus-stop I-bus-stop
O O O O O B-bus-stop I-bus-stop I-bus-stop
O O O O B-bus-stop I-bus-stop I-bus-stop
O O O O O O B-bus-stop I-bus-stop
O O O O O B-bus-stop I-bus-stop I-bus-stop I-bus-stop
O O O O O B-bus-stop I-bus-stop I-bus-stop I-bus-stop
O O O O O B-bus-stop I-bus-stop I-bus-stop I-bus-stop I-bus-stop
O O O O B-bus-stop I-bus-stop
O O O O O B-bus-stop I-bus-stop I-bus-stop I-bus-stop
O O O O B-bus-stop I-bus-stop I-bus-stop I-bus-stop I-bus-stop
O O O O B-bus-stop I-bus-stop I-bus-stop
O O O O O B-bus-stop I-bus-stop I-bus-stop I-bus-stop
O O B-bus-stop I-bus-stop I-bus-stop
O O O O B-bus-stop I-bus-stop I-bus-stop
O O O O O O B-bus-stop I-bus-stop
O O O O B-bus-stop I-bus-stop I-bus-stop
O O O O O B-bus-stop I-bus-stop I-bus-stop I-bus-stop
O O O O O O
O O B-bus-stop I-bus-stop I-bus-stop I-bus-stop I-bus-stop
O O B-bus-stop I-bus-stop I-bus-stop I-bus-stop
O O O O B-bus-stop I-bus-stop I-bus-stop I-bus-stop
O O O O B-bus-stop I-bus-stop I-bus-stop
O O O O B-bus-stop I-bus-stop I-bus-stop I-bus-stop
O O O O O O B-bus-stop I-bus-stop I-bus-stop I-bus-stop
O O O O O B-bus-stop I-bus-stop I-bus-stop I-bus-stop
O O O O B-bus-stop I-bus-stop I-bus-stop
O O O O O O O B-bus-stop I-bus-stop
O O O O O O B-bus-stop I-bus-stop I-bus-stop
O O O O O O O O O O O O
O O O O O B-bus-stop I-bus-stop I-bus-stop I-bus-stop I-bus-stop
O O O B-bus-stop I-bus-stop I-bus-stop I-bus-stop O O O
O O O O O O O B-bus-stop I-bus-stop
O O O O B-bus-stop I-bus-stop I-bus-stop I-bus-stop
O O O O O O O O O
O O O O O O B-bus-stop I-bus-stop I-bus-stop
O O B-bus-stop I-bus-stop I-bus-stop I-bus-stop
O B-bus-num O O O B-bus-stop I-bus-stop I-bus-stop
O O B-bus-stop I-bus-stop
O O O O O B-bus-stop I-bus-stop I-bus-stop I-bus-stop
O O O B-bus-stop I-bus-stop
O O O O O B-bus-stop I-bus-stop
O O O O B-bus-stop I-bus-stop I-bus-stop I-bus-stop O O O
O O O O B-bus-stop I-bus-stop I-bus-stop I-bus-stop
O O O O B-bus-stop I-bus-stop I-bus-stop I-bus-stop
O O B-bus-stop I-bus-stop I-bus-stop I-bus-stop
O O O O O B-bus-stop I-bus-stop I-bus-stop
O O B-bus-stop I-bus-stop I-bus-stop
O O O O O O O B-bus-stop I-bus-stop I-bus-stop I-bus-stop
O O B-bus-stop I-bus-stop I-bus-stop I-bus-stop I-bus-stop I-bus-stop O
O O O O O O O O O B-bus-stop I-bus-stop I-bus-stop I-bus-stop
O O O O B-bus-stop I-bus-stop I-bus-stop
O O O O O O O B-bus-stop I-bus-stop I-bus-stop I-bus-stop
O O O O O O B-bus-stop I-bus-stop I-bus-stop
O O O B-bus-stop I-bus-stop I-bus-stop I-bus-stop I-bus-stop
O O O O O O O O O O O O
O O O O B-bus-stop I-bus-stop I-bus-stop I-bus-stop
O O B-bus-num O O B-bus-stop I-bus-stop I-bus-stop O O O O O O
O O O O B-bus-stop I-bus-stop I-bus-stop I-bus-stop
O O O O O B-bus-stop I-bus-stop I-bus-stop I-bus-stop
O O O O O B-bus-stop I-bus-stop
O O O O O O O B-bus-stop I-bus-stop I-bus-stop I-bus-stop
O O O B-bus-stop I-bus-stop I-bus-stop
O O O O B-bus-stop I-bus-stop I-bus-stop I-bus-stop I-bus-stop
O O O O O O O B-bus-stop I-bus-stop
O O O O B-bus-stop I-bus-stop I-bus-stop I-bus-stop
O O O O O B-bus-stop I-bus-stop I-bus-stop I-bus-stop
O O O O O O B-bus-stop I-bus-stop I-bus-stop O
O O O O O O B-bus-stop I-bus-stop I-bus-stop I-bus-stop I-bus-stop
O O O B-bus-stop
O O O B-bus-stop I-bus-stop I-bus-stop I-bus-stop I-bus-stop O O O
O O O O B-bus-stop I-bus-stop I-bus-stop I-bus-stop
O O O O B-bus-stop I-bus-stop I-bus-stop I-bus-stop
O O O O O B-bus-stop I-bus-stop I-bus-stop I-bus-stop
O O O B-bus-stop I-bus-stop I-bus-stop I-bus-stop
O O O O O O B-bus-stop I-bus-stop I-bus-stop
O O O O O O O O B-bus-stop I-bus-stop
O O O O O O B-bus-stop I-bus-stop
O O O O O O O O
O O O O O O O O B-bus-stop I-bus-stop I-bus-stop I-bus-stop I-bus-stop
O B-bus-stop I-bus-stop I-bus-stop I-bus-stop O O B-bus-stop I-bus-stop I-bus-stop I-bus-stop
O O O O O B-bus-stop
O O O O O O O O O O O O O O
O O O O O O O B-bus-stop I-bus-stop I-bus-stop
O O O O O O B-bus-stop I-bus-stop I-bus-stop I-bus-stop
O O B-bus-stop I-bus-stop I-bus-stop I-bus-stop I-bus-stop
O O O O O B-bus-stop I-bus-stop I-bus-stop I-bus-stop I-bus-stop
O O O O O O O O O O O B-bus-stop I-bus-stop
O O O O O B-bus-stop I-bus-stop I-bus-stop I-bus-stop
O O O O O B-bus-stop I-bus-stop I-bus-stop I-bus-stop
O O O O B-bus-stop I-bus-stop I-bus-stop I-bus-stop I-bus-stop
O O B-bus-stop I-bus-stop I-bus-stop I-bus-stop
O O O O O O O B-bus-stop I-bus-stop I-bus-stop
O O O O B-bus-stop I-bus-stop
O O O O B-bus-stop I-bus-stop I-bus-stop
O O O B-bus-stop I-bus-stop I-bus-stop I-bus-stop
O O O O O O B-bus-stop I-bus-stop I-bus-stop
O O O O O O O B-bus-stop I-bus-stop I-bus-stop
O O O B-bus-stop I-bus-stop I-bus-stop
O O O B-bus-stop I-bus-stop
O B-bus-stop I-bus-stop I-bus-stop I-bus-stop I-bus-stop I-bus-stop
O O B-bus-stop I-bus-stop I-bus-stop I-bus-stop I-bus-stop I-bus-stop O O
O O O O O O
O O O O O B-bus-stop I-bus-stop I-bus-stop I-bus-stop O
O O O B-bus-stop I-bus-stop I-bus-stop I-bus-stop I-bus-stop
O O O B-bus-stop I-bus-stop I-bus-stop
O O O B-bus-stop I-bus-stop
O B-bus-stop I-bus-stop I-bus-stop I-bus-stop
O O O B-bus-stop I-bus-stop I-bus-stop I-bus-stop
O O O O B-bus-stop I-bus-stop I-bus-stop I-bus-stop
O O O O B-bus-stop I-bus-stop I-bus-stop I-bus-stop
O O O O B-bus-stop I-bus-stop I-bus-stop
O O O O O O O O O O
O O O B-bus-stop I-bus-stop I-bus-stop I-bus-stop I-bus-stop
O O O B-bus-stop I-bus-stop I-bus-stop
O O O O B-bus-stop I-bus-stop I-bus-stop I-bus-stop I-bus-stop
O O O O B-bus-stop I-bus-stop I-bus-stop I-bus-stop
O O O O O B-bus-stop I-bus-stop I-bus-stop I-bus-stop
O O O O B-bus-stop I-bus-stop I-bus-stop
O O O O O O O O
O O O O B-bus-stop I-bus-stop
O O O B-bus-stop I-bus-stop I-bus-stop
O O O B-bus-stop I-bus-stop I-bus-stop
O O O O O O O O
O O O O O O O O O O O O B-bus-stop I-bus-stop
O O O O B-bus-stop I-bus-stop I-bus-stop
O O O B-bus-stop I-bus-stop I-bus-stop
O O O O B-bus-stop I-bus-stop I-bus-stop
O O O O B-bus-stop I-bus-stop I-bus-stop
O O O O B-bus-stop I-bus-stop I-bus-stop I-bus-stop
O B-bus-stop I-bus-stop I-bus-stop O O O O O
O O O O O O B-bus-stop I-bus-stop
O O O O O B-bus-stop I-bus-stop I-bus-stop
O O B-bus-stop I-bus-stop
O O O O O O O O B-bus-stop I-bus-stop I-bus-stop
O O O O O B-bus-stop I-bus-stop I-bus-stop I-bus-stop O O O O B-bus-stop I-bus-stop I-bus-stop I-bus-stop I-bus-stop
O O O B-bus-stop I-bus-stop I-bus-stop
O O O O O O O B-bus-stop I-bus-stop I-bus-stop
O O O O B-bus-stop I-bus-stop I-bus-stop I-bus-stop
O O O O O O B-bus-stop I-bus-stop I-bus-stop I-bus-stop I-bus-stop I-bus-stop
O O O O B-bus-stop I-bus-stop I-bus-stop I-bus-stop
O O O O B-bus-stop I-bus-stop
O O O O O O B-bus-stop I-bus-stop
O O O O O O O B-bus-stop I-bus-stop I-bus-stop I-bus-stop
O O O O O O O O B-bus-stop I-bus-stop I-bus-stop
O B-bus-stop I-bus-stop I-bus-stop I-bus-stop O O O O
O O O O B-bus-stop I-bus-stop I-bus-stop I-bus-stop
O O O O O B-bus-stop I-bus-stop I-bus-stop
O O O O O O O O O O B-bus-stop I-bus-stop
O O O O B-bus-stop I-bus-stop I-bus-stop I-bus-stop I-bus-stop
